<?xml version="1.0" encoding="UTF-8"?>
<!-- Generated by org.testng.reporters.JUnitReportReporter -->
<testsuite hostname="Whos" failures="0" tests="1" name="testcases.TC02_SearchOnSystemUser" time="10.333" errors="0" timestamp="2024-01-22T17:55:40 EET" skipped="0">
  <testcase classname="testcases.TC02_SearchOnSystemUser" name="searchOnSystemUser_P" time="10.333"/>
  <system-out/>
</testsuite> <!-- testcases.TC02_SearchOnSystemUser -->
