<?xml version="1.0" encoding="UTF-8"?>
<!-- Generated by org.testng.reporters.JUnitReportReporter -->
<testsuite hostname="Whos" failures="0" tests="1" name="testcases.TC03_AddNewAdminUser" time="21.629" errors="0" timestamp="2024-01-22T18:30:02 EET" skipped="0">
  <testcase classname="testcases.TC03_AddNewAdminUser" name="createNewAdminUser_P" time="21.629"/>
  <system-out/>
</testsuite> <!-- testcases.TC03_AddNewAdminUser -->
