<?xml version="1.0" encoding="UTF-8"?>
<!-- Generated by org.testng.reporters.JUnitReportReporter -->
<testsuite hostname="Whos" failures="0" tests="1" name="testcases.TC04_AddNewEmployee" time="22.990" errors="0" timestamp="2024-01-21T13:25:37 EET" skipped="0">
  <testcase classname="testcases.TC04_AddNewEmployee" name="createNewEmployee_P" time="22.990"/>
  <system-out/>
</testsuite> <!-- testcases.TC04_AddNewEmployee -->
