<?xml version="1.0" encoding="UTF-8"?>
<!-- Generated by org.testng.reporters.JUnitReportReporter -->
<testsuite hostname="Whos" failures="0" tests="3" name="testcases.TC01_login" time="18.256" errors="0" timestamp="2024-01-15T11:53:29 EET" skipped="0">
  <testcase classname="testcases.TC01_login" name="loginWithInvalidUser_N" time="10.559"/>
  <system-out/>
  <testcase classname="testcases.TC01_login" name="loginWithInvalidPassword_N" time="4.791"/>
  <system-out/>
  <testcase classname="testcases.TC01_login" name="loginWithInvalidCredential_N" time="2.906"/>
  <system-out/>
</testsuite> <!-- testcases.TC01_login -->
